/app/cron_daily.sh: 3: python3: not found
/app/cron_daily.sh: 3: python3: not found
/app/cron_daily.sh: 3: python3: not found
Traceback (most recent call last):
  File "/app/currency_exchange_rate.py", line 8, in <module>
    import requests
ModuleNotFoundError: No module named 'requests'
Traceback (most recent call last):
  File "/app/currency_exchange_rate.py", line 8, in <module>
    import requests
ModuleNotFoundError: No module named 'requests'
Traceback (most recent call last):
  File "/app/currency_exchange_rate.py", line 8, in <module>
    import requests
ModuleNotFoundError: No module named 'requests'
Traceback (most recent call last):
  File "/app/currency_exchange_rate.py", line 8, in <module>
    import requests
ModuleNotFoundError: No module named 'requests'
Traceback (most recent call last):
  File "/app/currency_exchange_rate.py", line 8, in <module>
    import requests
ModuleNotFoundError: No module named 'requests'
Traceback (most recent call last):
  File "/app/currency_exchange_rate.py", line 8, in <module>
    import requests
ModuleNotFoundError: No module named 'requests'
Traceback (most recent call last):
  File "/app/currency_exchange_rate.py", line 9, in <module>
    from dotenv import load_dotenv
ModuleNotFoundError: No module named 'dotenv'
Traceback (most recent call last):
  File "/app/currency_exchange_rate.py", line 9, in <module>
    from dotenv import load_dotenv
ModuleNotFoundError: No module named 'dotenv'
Traceback (most recent call last):
  File "/app/currency_exchange_rate.py", line 9, in <module>
    from dotenv import load_dotenv
ModuleNotFoundError: No module named 'dotenv'
Traceback (most recent call last):
  File "/app/currency_exchange_rate.py", line 9, in <module>
    from dotenv import load_dotenv
ModuleNotFoundError: No module named 'dotenv'
Traceback (most recent call last):
  File "/app/currency_exchange_rate.py", line 9, in <module>
    from dotenv import load_dotenv
ModuleNotFoundError: No module named 'dotenv'
2025-10-12 17:48:01,249 [ERROR] Ошибка: Дата 2025-10-11 вне допустимого диапазона 2025-01-01 — 2025-09-15.
[ERROR] Дата 2025-10-11 вне допустимого диапазона 2025-01-01 — 2025-09-15.
2025-10-12 17:49:01,888 [ERROR] Ошибка: Дата 2025-10-11 вне допустимого диапазона 2025-01-01 — 2025-09-15.
[ERROR] Дата 2025-10-11 вне допустимого диапазона 2025-01-01 — 2025-09-15.
2025-10-12 17:50:01,647 [ERROR] Ошибка: Дата 2025-10-11 вне допустимого диапазона 2025-01-01 — 2025-09-15.
[ERROR] Дата 2025-10-11 вне допустимого диапазона 2025-01-01 — 2025-09-15.
2025-10-12 17:51:01,285 [ERROR] Ошибка: Дата 2025-10-11 вне допустимого диапазона 2025-01-01 — 2025-09-15.
[ERROR] Дата 2025-10-11 вне допустимого диапазона 2025-01-01 — 2025-09-15.
2025-10-12 17:52:01,871 [ERROR] Ошибка: Дата 2025-10-11 вне допустимого диапазона 2025-01-01 — 2025-09-15.
[ERROR] Дата 2025-10-11 вне допустимого диапазона 2025-01-01 — 2025-09-15.
2025-10-12 17:53:02,137 [ERROR] Ошибка: Дата 2025-10-11 вне допустимого диапазона 2025-01-01 — 2025-09-15.
[ERROR] Дата 2025-10-11 вне допустимого диапазона 2025-01-01 — 2025-09-15.
2025-10-12 17:54:01,756 [ERROR] Ошибка: Дата 2025-10-11 вне допустимого диапазона 2025-01-01 — 2025-09-15.
[ERROR] Дата 2025-10-11 вне допустимого диапазона 2025-01-01 — 2025-09-15.
2025-10-12 17:55:01,344 [ERROR] Ошибка: Дата 2025-10-11 вне допустимого диапазона 2025-01-01 — 2025-09-15.
[ERROR] Дата 2025-10-11 вне допустимого диапазона 2025-01-01 — 2025-09-15.
2025-10-12 17:56:01,921 [ERROR] Ошибка: Дата 2025-10-11 вне допустимого диапазона 2025-01-01 — 2025-09-15.
[ERROR] Дата 2025-10-11 вне допустимого диапазона 2025-01-01 — 2025-09-15.
2025-10-12 17:57:01,578 [ERROR] Ошибка: Дата 2025-10-11 вне допустимого диапазона 2025-01-01 — 2025-09-15.
[ERROR] Дата 2025-10-11 вне допустимого диапазона 2025-01-01 — 2025-09-15.
2025-10-12 17:58:02,155 [ERROR] Ошибка: Дата 2025-10-11 вне допустимого диапазона 2025-01-01 — 2025-09-15.
[ERROR] Дата 2025-10-11 вне допустимого диапазона 2025-01-01 — 2025-09-15.
2025-10-12 17:59:01,442 [ERROR] Ошибка: Дата 2025-10-11 вне допустимого диапазона 2025-01-01 — 2025-09-15.
[ERROR] Дата 2025-10-11 вне допустимого диапазона 2025-01-01 — 2025-09-15.
2025-10-12 18:00:02,073 [ERROR] Ошибка: Дата 2025-10-11 вне допустимого диапазона 2025-01-01 — 2025-09-15.
[ERROR] Дата 2025-10-11 вне допустимого диапазона 2025-01-01 — 2025-09-15.
2025-10-12 18:01:01,677 [ERROR] Ошибка: Дата 2025-10-11 вне допустимого диапазона 2025-01-01 — 2025-09-15.
[ERROR] Дата 2025-10-11 вне допустимого диапазона 2025-01-01 — 2025-09-15.
2025-10-12 18:02:01,252 [ERROR] Ошибка: Дата 2025-10-11 вне допустимого диапазона 2025-01-01 — 2025-09-15.
[ERROR] Дата 2025-10-11 вне допустимого диапазона 2025-01-01 — 2025-09-15.
2025-10-12 18:03:01,828 [ERROR] Ошибка: Дата 2025-10-11 вне допустимого диапазона 2025-01-01 — 2025-09-15.
[ERROR] Дата 2025-10-11 вне допустимого диапазона 2025-01-01 — 2025-09-15.
2025-10-12 18:04:01,551 [ERROR] Ошибка: Дата 2025-10-11 вне допустимого диапазона 2025-01-01 — 2025-09-15.
[ERROR] Дата 2025-10-11 вне допустимого диапазона 2025-01-01 — 2025-09-15.
2025-10-12 18:05:01,910 [ERROR] Ошибка: Дата 2025-10-11 вне допустимого диапазона 2025-01-01 — 2025-09-15.
[ERROR] Дата 2025-10-11 вне допустимого диапазона 2025-01-01 — 2025-09-15.
2025-10-12 18:06:01,571 [ERROR] Ошибка: Дата 2025-10-11 вне допустимого диапазона 2025-01-01 — 2025-09-15.
[ERROR] Дата 2025-10-11 вне допустимого диапазона 2025-01-01 — 2025-09-15.
2025-10-12 18:07:02,153 [ERROR] Ошибка: Дата 2025-10-11 вне допустимого диапазона 2025-01-01 — 2025-09-15.
[ERROR] Дата 2025-10-11 вне допустимого диапазона 2025-01-01 — 2025-09-15.
2025-10-12 18:08:01,738 [ERROR] Ошибка: Дата 2025-10-11 вне допустимого диапазона 2025-01-01 — 2025-09-15.
[ERROR] Дата 2025-10-11 вне допустимого диапазона 2025-01-01 — 2025-09-15.
2025-10-12 18:09:01,334 [ERROR] Ошибка: Дата 2025-10-11 вне допустимого диапазона 2025-01-01 — 2025-09-15.
[ERROR] Дата 2025-10-11 вне допустимого диапазона 2025-01-01 — 2025-09-15.
2025-10-12 18:10:01,919 [ERROR] Ошибка: Дата 2025-10-11 вне допустимого диапазона 2025-01-01 — 2025-09-15.
[ERROR] Дата 2025-10-11 вне допустимого диапазона 2025-01-01 — 2025-09-15.
2025-10-12 18:11:01,261 [ERROR] Ошибка: Дата 2025-10-11 вне допустимого диапазона 2025-01-01 — 2025-09-15.
[ERROR] Дата 2025-10-11 вне допустимого диапазона 2025-01-01 — 2025-09-15.
2025-10-12 18:12:01,923 [ERROR] Ошибка: Дата 2025-10-11 вне допустимого диапазона 2025-01-01 — 2025-09-15.
[ERROR] Дата 2025-10-11 вне допустимого диапазона 2025-01-01 — 2025-09-15.
2025-10-12 18:13:01,591 [ERROR] Ошибка: Дата 2025-10-11 вне допустимого диапазона 2025-01-01 — 2025-09-15.
[ERROR] Дата 2025-10-11 вне допустимого диапазона 2025-01-01 — 2025-09-15.
